<?xml version="1.0" encoding="UTF-8"?>
<testng-results skipped="0" failed="0" total="14" passed="14">
  <reporter-output>
  </reporter-output>
  <suite name="Default suite" duration-ms="488215" started-at="2020-12-10T08:20:54Z" finished-at="2020-12-10T08:29:02Z">
    <groups>
      <group name="cucumber">
        <method signature="AbstractTestNGCucumberTests.runScenario(cucumber.api.testng.PickleEventWrapper, cucumber.api.testng.CucumberFeatureWrapper)[pri:0, instance:testrunner.TestNG@2acf57e3]" name="runScenario" class="cucumber.api.testng.AbstractTestNGCucumberTests"/>
      </group> <!-- cucumber -->
    </groups>
    <test name="Default test" duration-ms="488215" started-at="2020-12-10T08:20:54Z" finished-at="2020-12-10T08:29:02Z">
      <class name="testrunner.TestNG">
        <test-method status="PASS" signature="setUpClass()[pri:0, instance:testrunner.TestNG@2acf57e3]" name="setUpClass" is-config="true" duration-ms="531" started-at="2020-12-10T13:50:54Z" finished-at="2020-12-10T13:50:54Z">
          <reporter-output>
          </reporter-output>
        </test-method> <!-- setUpClass -->
        <test-method status="PASS" signature="runScenario(cucumber.api.testng.PickleEventWrapper, cucumber.api.testng.CucumberFeatureWrapper)[pri:0, instance:testrunner.TestNG@2acf57e3]" name="runScenario" duration-ms="34082" started-at="2020-12-10T13:50:55Z" description="Runs Cucumber Scenarios" data-provider="scenarios" finished-at="2020-12-10T13:51:29Z">
          <params>
            <param index="0">
              <value>
                <![CDATA["Unsuccessful login with invalid credentials"]]>
              </value>
            </param>
            <param index="1">
              <value>
                <![CDATA["OrangeHRM"]]>
              </value>
            </param>
          </params>
          <reporter-output>
          </reporter-output>
        </test-method> <!-- runScenario -->
        <test-method status="PASS" signature="runScenario(cucumber.api.testng.PickleEventWrapper, cucumber.api.testng.CucumberFeatureWrapper)[pri:0, instance:testrunner.TestNG@2acf57e3]" name="runScenario" duration-ms="32278" started-at="2020-12-10T13:51:29Z" description="Runs Cucumber Scenarios" data-provider="scenarios" finished-at="2020-12-10T13:52:01Z">
          <params>
            <param index="0">
              <value>
                <![CDATA["Unsuccessful login with invalid credentials"]]>
              </value>
            </param>
            <param index="1">
              <value>
                <![CDATA["OrangeHRM"]]>
              </value>
            </param>
          </params>
          <reporter-output>
          </reporter-output>
        </test-method> <!-- runScenario -->
        <test-method status="PASS" signature="runScenario(cucumber.api.testng.PickleEventWrapper, cucumber.api.testng.CucumberFeatureWrapper)[pri:0, instance:testrunner.TestNG@2acf57e3]" name="runScenario" duration-ms="28564" started-at="2020-12-10T13:52:01Z" description="Runs Cucumber Scenarios" data-provider="scenarios" finished-at="2020-12-10T13:52:30Z">
          <params>
            <param index="0">
              <value>
                <![CDATA["Failure in Login on leaving the username empty"]]>
              </value>
            </param>
            <param index="1">
              <value>
                <![CDATA["OrangeHRM"]]>
              </value>
            </param>
          </params>
          <reporter-output>
          </reporter-output>
        </test-method> <!-- runScenario -->
        <test-method status="PASS" signature="runScenario(cucumber.api.testng.PickleEventWrapper, cucumber.api.testng.CucumberFeatureWrapper)[pri:0, instance:testrunner.TestNG@2acf57e3]" name="runScenario" duration-ms="29367" started-at="2020-12-10T13:52:30Z" description="Runs Cucumber Scenarios" data-provider="scenarios" finished-at="2020-12-10T13:52:59Z">
          <params>
            <param index="0">
              <value>
                <![CDATA["Failure in Login on leaving the password empty"]]>
              </value>
            </param>
            <param index="1">
              <value>
                <![CDATA["OrangeHRM"]]>
              </value>
            </param>
          </params>
          <reporter-output>
          </reporter-output>
        </test-method> <!-- runScenario -->
        <test-method status="PASS" signature="runScenario(cucumber.api.testng.PickleEventWrapper, cucumber.api.testng.CucumberFeatureWrapper)[pri:0, instance:testrunner.TestNG@2acf57e3]" name="runScenario" duration-ms="29910" started-at="2020-12-10T13:52:59Z" description="Runs Cucumber Scenarios" data-provider="scenarios" finished-at="2020-12-10T13:53:29Z">
          <params>
            <param index="0">
              <value>
                <![CDATA["Failure in Login on leaving username and password fields empty"]]>
              </value>
            </param>
            <param index="1">
              <value>
                <![CDATA["OrangeHRM"]]>
              </value>
            </param>
          </params>
          <reporter-output>
          </reporter-output>
        </test-method> <!-- runScenario -->
        <test-method status="PASS" signature="runScenario(cucumber.api.testng.PickleEventWrapper, cucumber.api.testng.CucumberFeatureWrapper)[pri:0, instance:testrunner.TestNG@2acf57e3]" name="runScenario" duration-ms="34066" started-at="2020-12-10T13:53:29Z" description="Runs Cucumber Scenarios" data-provider="scenarios" finished-at="2020-12-10T13:54:03Z">
          <params>
            <param index="0">
              <value>
                <![CDATA["Successful login with valid credentials"]]>
              </value>
            </param>
            <param index="1">
              <value>
                <![CDATA["OrangeHRM"]]>
              </value>
            </param>
          </params>
          <reporter-output>
          </reporter-output>
        </test-method> <!-- runScenario -->
        <test-method status="PASS" signature="runScenario(cucumber.api.testng.PickleEventWrapper, cucumber.api.testng.CucumberFeatureWrapper)[pri:0, instance:testrunner.TestNG@2acf57e3]" name="runScenario" duration-ms="37183" started-at="2020-12-10T13:54:03Z" description="Runs Cucumber Scenarios" data-provider="scenarios" finished-at="2020-12-10T13:54:40Z">
          <params>
            <param index="0">
              <value>
                <![CDATA["Navigate to Configure PIM field in Configuration"]]>
              </value>
            </param>
            <param index="1">
              <value>
                <![CDATA["OrangeHRM"]]>
              </value>
            </param>
          </params>
          <reporter-output>
          </reporter-output>
        </test-method> <!-- runScenario -->
        <test-method status="PASS" signature="runScenario(cucumber.api.testng.PickleEventWrapper, cucumber.api.testng.CucumberFeatureWrapper)[pri:0, instance:testrunner.TestNG@2acf57e3]" name="runScenario" duration-ms="37840" started-at="2020-12-10T13:54:40Z" description="Runs Cucumber Scenarios" data-provider="scenarios" finished-at="2020-12-10T13:55:18Z">
          <params>
            <param index="0">
              <value>
                <![CDATA["Navigate to Defined Custom Fields module"]]>
              </value>
            </param>
            <param index="1">
              <value>
                <![CDATA["OrangeHRM"]]>
              </value>
            </param>
          </params>
          <reporter-output>
          </reporter-output>
        </test-method> <!-- runScenario -->
        <test-method status="PASS" signature="runScenario(cucumber.api.testng.PickleEventWrapper, cucumber.api.testng.CucumberFeatureWrapper)[pri:0, instance:testrunner.TestNG@2acf57e3]" name="runScenario" duration-ms="36917" started-at="2020-12-10T13:55:18Z" description="Runs Cucumber Scenarios" data-provider="scenarios" finished-at="2020-12-10T13:55:55Z">
          <params>
            <param index="0">
              <value>
                <![CDATA["View all Employee Details in PIM Module"]]>
              </value>
            </param>
            <param index="1">
              <value>
                <![CDATA["OrangeHRM"]]>
              </value>
            </param>
          </params>
          <reporter-output>
          </reporter-output>
        </test-method> <!-- runScenario -->
        <test-method status="PASS" signature="runScenario(cucumber.api.testng.PickleEventWrapper, cucumber.api.testng.CucumberFeatureWrapper)[pri:0, instance:testrunner.TestNG@2acf57e3]" name="runScenario" duration-ms="39032" started-at="2020-12-10T13:55:55Z" description="Runs Cucumber Scenarios" data-provider="scenarios" finished-at="2020-12-10T13:56:34Z">
          <params>
            <param index="0">
              <value>
                <![CDATA["Add Employee Details"]]>
              </value>
            </param>
            <param index="1">
              <value>
                <![CDATA["OrangeHRM"]]>
              </value>
            </param>
          </params>
          <reporter-output>
          </reporter-output>
        </test-method> <!-- runScenario -->
        <test-method status="PASS" signature="runScenario(cucumber.api.testng.PickleEventWrapper, cucumber.api.testng.CucumberFeatureWrapper)[pri:0, instance:testrunner.TestNG@2acf57e3]" name="runScenario" duration-ms="43335" started-at="2020-12-10T13:56:34Z" description="Runs Cucumber Scenarios" data-provider="scenarios" finished-at="2020-12-10T13:57:17Z">
          <params>
            <param index="0">
              <value>
                <![CDATA["User should be able to generate reports of employees in reports section"]]>
              </value>
            </param>
            <param index="1">
              <value>
                <![CDATA["OrangeHRM"]]>
              </value>
            </param>
          </params>
          <reporter-output>
          </reporter-output>
        </test-method> <!-- runScenario -->
        <test-method status="PASS" signature="runScenario(cucumber.api.testng.PickleEventWrapper, cucumber.api.testng.CucumberFeatureWrapper)[pri:0, instance:testrunner.TestNG@2acf57e3]" name="runScenario" duration-ms="34116" started-at="2020-12-10T13:57:17Z" description="Runs Cucumber Scenarios" data-provider="scenarios" finished-at="2020-12-10T13:57:51Z">
          <params>
            <param index="0">
              <value>
                <![CDATA["Admin should be able to view his personal details"]]>
              </value>
            </param>
            <param index="1">
              <value>
                <![CDATA["OrangeHRM"]]>
              </value>
            </param>
          </params>
          <reporter-output>
          </reporter-output>
        </test-method> <!-- runScenario -->
        <test-method status="PASS" signature="runScenario(cucumber.api.testng.PickleEventWrapper, cucumber.api.testng.CucumberFeatureWrapper)[pri:0, instance:testrunner.TestNG@2acf57e3]" name="runScenario" duration-ms="34671" started-at="2020-12-10T13:57:51Z" description="Runs Cucumber Scenarios" data-provider="scenarios" finished-at="2020-12-10T13:58:26Z">
          <params>
            <param index="0">
              <value>
                <![CDATA["Employee should be able to view his personal details"]]>
              </value>
            </param>
            <param index="1">
              <value>
                <![CDATA["OrangeHRM"]]>
              </value>
            </param>
          </params>
          <reporter-output>
          </reporter-output>
        </test-method> <!-- runScenario -->
        <test-method status="PASS" signature="runScenario(cucumber.api.testng.PickleEventWrapper, cucumber.api.testng.CucumberFeatureWrapper)[pri:0, instance:testrunner.TestNG@2acf57e3]" name="runScenario" duration-ms="35942" started-at="2020-12-10T13:58:26Z" description="Runs Cucumber Scenarios" data-provider="scenarios" finished-at="2020-12-10T13:59:02Z">
          <params>
            <param index="0">
              <value>
                <![CDATA["Successful logout from OrangeHRM page"]]>
              </value>
            </param>
            <param index="1">
              <value>
                <![CDATA["OrangeHRM"]]>
              </value>
            </param>
          </params>
          <reporter-output>
          </reporter-output>
        </test-method> <!-- runScenario -->
        <test-method status="PASS" signature="tearDownClass()[pri:0, instance:testrunner.TestNG@2acf57e3]" name="tearDownClass" is-config="true" duration-ms="73" started-at="2020-12-10T13:59:02Z" finished-at="2020-12-10T13:59:02Z">
          <reporter-output>
          </reporter-output>
        </test-method> <!-- tearDownClass -->
      </class> <!-- testrunner.TestNG -->
    </test> <!-- Default test -->
  </suite> <!-- Default suite -->
</testng-results>
